<?xml version="1.0" encoding="UTF-8"?>
<testsuite xmlns:xsi="http://www.w3.org/2001/XMLSchema-instance" xsi:noNamespaceSchemaLocation="https://maven.apache.org/surefire/maven-surefire-plugin/xsd/surefire-test-report-3.0.xsd" version="3.0" name="com.challenge.Service.PropertyServiceTest" time="0.023" tests="3" errors="0" skipped="0" failures="0">
  <properties>
[...]
</properties>
  <testcase name="searchPropertyDateValidationException" classname="com.challenge.Service.PropertyServiceTest" time="0.01"/>
  <testcase name="searchPropertyFalseTest" classname="com.challenge.Service.PropertyServiceTest" time="0.004">
    <system-out><![CDATA[2022-12-13 20:21:24,868 INFO  [com.cha.Ser.PropertyService] (main) Checking availability
2022-12-13 20:21:24,868 INFO  [com.cha.Ser.PropertyService] (main) Next rentals list=[RentalEntity(id=1, propertyId=1, startDate=2022-12-20, endDate=2022-12-25), RentalEntity(id=2, propertyId=2, startDate=2023-01-10, endDate=2023-01-20)]
2022-12-13 20:21:24,869 INFO  [com.cha.Ser.PropertyService] (main) Not available for propertyId=1
]]></system-out>
  </testcase>
  <testcase name="searchPropertyTrueTest" classname="com.challenge.Service.PropertyServiceTest" time="0.002">
    <system-out><![CDATA[2022-12-13 20:21:24,873 INFO  [com.cha.Ser.PropertyService] (main) Checking availability
2022-12-13 20:21:24,874 INFO  [com.cha.Ser.PropertyService] (main) Next rentals list=[RentalEntity(id=1, propertyId=1, startDate=2022-12-20, endDate=2022-12-25), RentalEntity(id=2, propertyId=2, startDate=2023-01-10, endDate=2023-01-20)]
2022-12-13 20:21:24,874 INFO  [com.cha.Ser.PropertyService] (main) Available for propertyId=1
]]></system-out>
  </testcase>
</testsuite>